<?xml version="1.0" encoding="UTF-8"?>
<!-- Generated by org.testng.reporters.JUnitXMLReporter -->
<testsuite hostname="DQ-PC" ignored="0" name="PoisitiveCheck" tests="2" failures="1" timestamp="2020-07-15T14:58:49 ALMT" time="24.041" errors="0">
  <testcase name="CheckPgTitle" time="23.804" classname="com.bitm.SlnmOnlineProj.Test.LoginTest">
    <failure type="java.lang.AssertionError" message="expected [Welcome: Mercury Tours] but found [newtours.demoaut.com]">
      <![CDATA[java.lang.AssertionError: expected [Welcome: Mercury Tours] but found [newtours.demoaut.com]
at com.bitm.SlnmOnlineProj.Test.LoginTest.CheckPgTitle(LoginTest.java:20)
at java.util.ArrayList.forEach(Unknown Source)
... Removed 32 stack frames]]>
    </failure>
  </testcase> <!-- CheckPgTitle -->
  <testcase name="logintest" time="0.0" classname="com.bitm.SlnmOnlineProj.Test.LoginTest">
    <skipped/>
  </testcase> <!-- logintest -->
</testsuite> <!-- PoisitiveCheck -->
